<?xml version="1.0" encoding="UTF-8"?>
<testsuite xmlns:xsi="http://www.w3.org/2001/XMLSchema-instance" xsi:noNamespaceSchemaLocation="https://maven.apache.org/surefire/maven-surefire-plugin/xsd/surefire-test-report-3.0.xsd" version="3.0" name="uz.tuit.hrsystem.ProductApplicationTests" time="18.303" tests="1" errors="0" skipped="0" failures="0">
  <properties>
[...]
</properties>
  <testcase name="contextLoads" classname="uz.tuit.hrsystem.ProductApplicationTests" time="1.11">
    <system-out><![CDATA[19:25:55.477 [main] INFO org.springframework.test.context.support.AnnotationConfigContextLoaderUtils -- Could not detect default configuration classes for test class [uz.tuit.hrsystem.ProductApplicationTests]: ProductApplicationTests does not declare any static, non-private, non-final, nested classes annotated with @Configuration.
19:25:55.740 [main] INFO org.springframework.boot.test.context.SpringBootTestContextBootstrapper -- Found @SpringBootConfiguration uz.tuit.hrsystem.ProductApplication for test class uz.tuit.hrsystem.ProductApplicationTests

  .   ____          _            __ _ _
 /\\ / ___'_ __ _ _(_)_ __  __ _ \ \ \ \
( ( )\___ | '_ | '_| | '_ \/ _` | \ \ \ \
 \\/  ___)| |_)| | | | | || (_| |  ) ) ) )
  '  |____| .__|_| |_|_| |_\__, | / / / /
 =========|_|==============|___/=/_/_/_/
 :: Spring Boot ::                (v3.1.4)

2024-01-16T19:25:57.048+05:00  INFO 11864 --- [           main] u.tuit.hrsystem.ProductApplicationTests  : Starting ProductApplicationTests using Java 17.0.1 with PID 11864 (started by shaxz in D:\Projects\IdeaProjects2\Product simple)
2024-01-16T19:25:57.053+05:00  INFO 11864 --- [           main] u.tuit.hrsystem.ProductApplicationTests  : No active profile set, falling back to 1 default profile: "default"
2024-01-16T19:25:59.151+05:00  INFO 11864 --- [           main] .s.d.r.c.RepositoryConfigurationDelegate : Bootstrapping Spring Data JPA repositories in DEFAULT mode.
2024-01-16T19:25:59.366+05:00  INFO 11864 --- [           main] .s.d.r.c.RepositoryConfigurationDelegate : Finished Spring Data repository scanning in 192 ms. Found 5 JPA repository interfaces.
2024-01-16T19:26:01.148+05:00  INFO 11864 --- [           main] o.hibernate.jpa.internal.util.LogHelper  : HHH000204: Processing PersistenceUnitInfo [name: default]
2024-01-16T19:26:01.364+05:00  INFO 11864 --- [           main] org.hibernate.Version                    : HHH000412: Hibernate ORM core version 6.2.9.Final
2024-01-16T19:26:01.376+05:00  INFO 11864 --- [           main] org.hibernate.cfg.Environment            : HHH000406: Using bytecode reflection optimizer
2024-01-16T19:26:01.859+05:00  INFO 11864 --- [           main] o.h.b.i.BytecodeProviderInitiator        : HHH000021: Bytecode provider name : bytebuddy
2024-01-16T19:26:02.176+05:00  INFO 11864 --- [           main] o.s.o.j.p.SpringPersistenceUnitInfo      : No LoadTimeWeaver setup: ignoring JPA class transformer
2024-01-16T19:26:02.224+05:00  INFO 11864 --- [           main] com.zaxxer.hikari.HikariDataSource       : HikariPool-1 - Starting...
2024-01-16T19:26:02.901+05:00  INFO 11864 --- [           main] com.zaxxer.hikari.pool.HikariPool        : HikariPool-1 - Added connection org.postgresql.jdbc.PgConnection@6ee37ca7
2024-01-16T19:26:02.907+05:00  INFO 11864 --- [           main] com.zaxxer.hikari.HikariDataSource       : HikariPool-1 - Start completed.
2024-01-16T19:26:04.090+05:00  INFO 11864 --- [           main] o.h.b.i.BytecodeProviderInitiator        : HHH000021: Bytecode provider name : bytebuddy
2024-01-16T19:26:06.204+05:00  INFO 11864 --- [           main] o.h.e.t.j.p.i.JtaPlatformInitiator       : HHH000490: Using JtaPlatform implementation: [org.hibernate.engine.transaction.jta.platform.internal.NoJtaPlatform]
2024-01-16T19:26:06.503+05:00  INFO 11864 --- [           main] j.LocalContainerEntityManagerFactoryBean : Initialized JPA EntityManagerFactory for persistence unit 'default'
2024-01-16T19:26:07.460+05:00  INFO 11864 --- [           main] o.s.d.j.r.query.QueryEnhancerFactory     : Hibernate is in classpath; If applicable, HQL parser will be used.
2024-01-16T19:26:08.340+05:00  WARN 11864 --- [           main] JpaBaseConfiguration$JpaWebConfiguration : spring.jpa.open-in-view is enabled by default. Therefore, database queries may be performed during view rendering. Explicitly configure spring.jpa.open-in-view to disable this warning
2024-01-16T19:26:08.470+05:00  WARN 11864 --- [           main] .s.s.UserDetailsServiceAutoConfiguration : 

Using generated security password: 3f5b7108-3ab7-4fe3-9275-67aa2e55eade

This generated password is for development use only. Your security configuration must be updated before running your application in production.

2024-01-16T19:26:08.918+05:00  INFO 11864 --- [           main] o.s.s.web.DefaultSecurityFilterChain     : Will secure any request with [org.springframework.security.web.session.DisableEncodeUrlFilter@1d884a19, org.springframework.security.web.context.request.async.WebAsyncManagerIntegrationFilter@62d21afd, org.springframework.security.web.context.SecurityContextHolderFilter@e581302, org.springframework.security.web.header.HeaderWriterFilter@7ec68821, org.springframework.security.web.authentication.logout.LogoutFilter@3adb4cc8, uz.tuit.hrsystem.jwt.JwtFilter@79e15c4a, org.springframework.security.web.savedrequest.RequestCacheAwareFilter@21d6dc81, org.springframework.security.web.servletapi.SecurityContextHolderAwareRequestFilter@769f6023, org.springframework.security.web.authentication.AnonymousAuthenticationFilter@6ee07d7f, org.springframework.security.web.session.SessionManagementFilter@7d44eab, org.springframework.security.web.access.ExceptionTranslationFilter@1f7b8d59, org.springframework.security.web.access.intercept.AuthorizationFilter@58d4fe33]
2024-01-16T19:26:10.561+05:00  INFO 11864 --- [           main] u.tuit.hrsystem.ProductApplicationTests  : Started ProductApplicationTests in 14.354 seconds (process running for 17.134)
Hibernate: select count(*) from users u1_0
Hibernate: insert into users (account_non_expired,account_non_locked,address,card_number,credentials_non_expired,enabled,first_name,last_name,password,phone_number,roles,verified) values (?,?,?,?,?,?,?,?,?,?,?,?)
Hibernate: select u1_0.id,u1_0.account_non_expired,u1_0.account_non_locked,u1_0.address,u1_0.card_number,u1_0.credentials_non_expired,u1_0.enabled,u1_0.first_name,u1_0.last_name,u1_0.password,u1_0.phone_number,u1_0.roles,u1_0.verified from users u1_0 where u1_0.phone_number=?
Hibernate: select u1_0.id,u1_0.account_non_expired,u1_0.account_non_locked,u1_0.address,u1_0.card_number,u1_0.credentials_non_expired,u1_0.enabled,u1_0.first_name,u1_0.last_name,u1_0.password,u1_0.phone_number,u1_0.roles,u1_0.verified from users u1_0 where u1_0.phone_number=?
Hibernate: insert into users (account_non_expired,account_non_locked,address,card_number,credentials_non_expired,enabled,first_name,last_name,password,phone_number,roles,verified) values (?,?,?,?,?,?,?,?,?,?,?,?)
Hibernate: insert into token (forr,level,token,type,user_id) values (?,?,?,?,?)
Hibernate: select u1_0.id,u1_0.account_non_expired,u1_0.account_non_locked,u1_0.address,u1_0.card_number,u1_0.credentials_non_expired,u1_0.enabled,u1_0.first_name,u1_0.last_name,u1_0.password,u1_0.phone_number,u1_0.roles,u1_0.verified from users u1_0 where u1_0.phone_number=?
Hibernate: select u1_0.id,u1_0.account_non_expired,u1_0.account_non_locked,u1_0.address,u1_0.card_number,u1_0.credentials_non_expired,u1_0.enabled,u1_0.first_name,u1_0.last_name,u1_0.password,u1_0.phone_number,u1_0.roles,u1_0.verified from users u1_0 where u1_0.phone_number=?
Hibernate: insert into users (account_non_expired,account_non_locked,address,card_number,credentials_non_expired,enabled,first_name,last_name,password,phone_number,roles,verified) values (?,?,?,?,?,?,?,?,?,?,?,?)
Hibernate: insert into token (forr,level,token,type,user_id) values (?,?,?,?,?)
]]></system-out>
  </testcase>
</testsuite>